2020-01-17 12:08:41 [restartedMain] INFO  [com.yufan.cache.InitCache] - -----clients:1
2020-01-17 12:08:41 [restartedMain] INFO  [com.yufan.cache.InitCache] - -----clientConfigs:1
2020-01-17 12:10:57 [restartedMain] INFO  [com.yufan.cache.InitCache] - -----clients:1
2020-01-17 12:10:57 [restartedMain] INFO  [com.yufan.cache.InitCache] - -----clientConfigs:1
2020-01-17 12:13:29 [http-nio-8087-exec-1] INFO  [com.yufan.controller.PayController] - -------获取支付结果---------partnerTradeNo:
2020-01-17 12:13:31 [http-nio-8087-exec-9] INFO  [com.yufan.controller.PayController] - -------获取支付结果---------partnerTradeNo:
2020-01-17 12:13:33 [http-nio-8087-exec-10] INFO  [com.yufan.controller.PayController] - -------获取支付结果---------partnerTradeNo:
2020-01-17 12:13:35 [http-nio-8087-exec-6] INFO  [com.yufan.controller.PayController] - -------获取支付结果---------partnerTradeNo:
2020-01-17 12:13:37 [http-nio-8087-exec-8] INFO  [com.yufan.controller.PayController] - -------获取支付结果---------partnerTradeNo:
2020-01-17 12:13:39 [http-nio-8087-exec-2] INFO  [com.yufan.controller.PayController] - -------获取支付结果---------partnerTradeNo:
2020-01-17 12:13:41 [http-nio-8087-exec-7] INFO  [com.yufan.controller.PayController] - -------获取支付结果---------partnerTradeNo:
2020-01-17 12:13:43 [http-nio-8087-exec-5] INFO  [com.yufan.controller.PayController] - -------获取支付结果---------partnerTradeNo:
2020-01-17 12:13:45 [http-nio-8087-exec-3] INFO  [com.yufan.controller.PayController] - -------获取支付结果---------partnerTradeNo:
2020-01-17 12:13:47 [http-nio-8087-exec-4] INFO  [com.yufan.controller.PayController] - -------获取支付结果---------partnerTradeNo:
2020-01-17 12:15:21 [restartedMain] INFO  [com.yufan.cache.InitCache] - -----clients:1
2020-01-17 12:15:21 [restartedMain] INFO  [com.yufan.cache.InitCache] - -----clientConfigs:1
2020-01-17 12:50:24 [http-nio-8087-exec-3] INFO  [com.yufan.controller.PayController] - -------获取支付结果---------partnerTradeNo:
2020-01-17 12:50:26 [http-nio-8087-exec-5] INFO  [com.yufan.controller.PayController] - -------获取支付结果---------partnerTradeNo:
2020-01-17 12:50:28 [http-nio-8087-exec-8] INFO  [com.yufan.controller.PayController] - -------获取支付结果---------partnerTradeNo:
2020-01-17 12:50:30 [http-nio-8087-exec-1] INFO  [com.yufan.controller.PayController] - -------获取支付结果---------partnerTradeNo:
2020-01-17 12:50:33 [http-nio-8087-exec-9] INFO  [com.yufan.controller.PayController] - -------获取支付结果---------partnerTradeNo:
2020-01-17 12:50:35 [http-nio-8087-exec-2] INFO  [com.yufan.controller.PayController] - -------获取支付结果---------partnerTradeNo:
2020-01-17 12:50:37 [http-nio-8087-exec-6] INFO  [com.yufan.controller.PayController] - -------获取支付结果---------partnerTradeNo:
2020-01-17 12:50:39 [http-nio-8087-exec-7] INFO  [com.yufan.controller.PayController] - -------获取支付结果---------partnerTradeNo:
2020-01-17 12:50:41 [http-nio-8087-exec-10] INFO  [com.yufan.controller.PayController] - -------获取支付结果---------partnerTradeNo:
2020-01-17 12:50:43 [http-nio-8087-exec-4] INFO  [com.yufan.controller.PayController] - -------获取支付结果---------partnerTradeNo:
2020-01-17 14:14:35 [restartedMain] INFO  [com.yufan.cache.InitCache] - -----clients:1
2020-01-17 14:14:35 [restartedMain] INFO  [com.yufan.cache.InitCache] - -----clientConfigs:1
2020-01-17 14:14:41 [http-nio-8087-exec-2] INFO  [com.yufan.controller.PayController] - -------获取支付结果---------partnerTradeNo:
2020-01-17 14:14:43 [http-nio-8087-exec-3] INFO  [com.yufan.controller.PayController] - -------获取支付结果---------partnerTradeNo:
2020-01-17 14:14:45 [http-nio-8087-exec-5] INFO  [com.yufan.controller.PayController] - -------获取支付结果---------partnerTradeNo:
2020-01-17 14:14:47 [http-nio-8087-exec-4] INFO  [com.yufan.controller.PayController] - -------获取支付结果---------partnerTradeNo:
2020-01-17 14:14:49 [http-nio-8087-exec-7] INFO  [com.yufan.controller.PayController] - -------获取支付结果---------partnerTradeNo:
2020-01-17 14:14:51 [http-nio-8087-exec-6] INFO  [com.yufan.controller.PayController] - -------获取支付结果---------partnerTradeNo:
2020-01-17 14:14:53 [http-nio-8087-exec-8] INFO  [com.yufan.controller.PayController] - -------获取支付结果---------partnerTradeNo:
2020-01-17 14:14:55 [http-nio-8087-exec-10] INFO  [com.yufan.controller.PayController] - -------获取支付结果---------partnerTradeNo:
2020-01-17 14:14:57 [http-nio-8087-exec-9] INFO  [com.yufan.controller.PayController] - -------获取支付结果---------partnerTradeNo:
2020-01-17 14:14:59 [http-nio-8087-exec-1] INFO  [com.yufan.controller.PayController] - -------获取支付结果---------partnerTradeNo:
2020-01-17 14:15:06 [http-nio-8087-exec-5] INFO  [com.yufan.controller.PayController] - -------获取支付结果---------partnerTradeNo:
2020-01-17 14:15:08 [http-nio-8087-exec-4] INFO  [com.yufan.controller.PayController] - -------获取支付结果---------partnerTradeNo:
2020-01-17 14:15:10 [http-nio-8087-exec-6] INFO  [com.yufan.controller.PayController] - -------获取支付结果---------partnerTradeNo:
2020-01-17 14:15:12 [http-nio-8087-exec-8] INFO  [com.yufan.controller.PayController] - -------获取支付结果---------partnerTradeNo:
2020-01-17 14:15:14 [http-nio-8087-exec-10] INFO  [com.yufan.controller.PayController] - -------获取支付结果---------partnerTradeNo:
2020-01-17 14:15:16 [http-nio-8087-exec-9] INFO  [com.yufan.controller.PayController] - -------获取支付结果---------partnerTradeNo:
2020-01-17 14:15:18 [http-nio-8087-exec-1] INFO  [com.yufan.controller.PayController] - -------获取支付结果---------partnerTradeNo:
2020-01-17 14:15:20 [http-nio-8087-exec-2] INFO  [com.yufan.controller.PayController] - -------获取支付结果---------partnerTradeNo:
2020-01-17 14:15:22 [http-nio-8087-exec-3] INFO  [com.yufan.controller.PayController] - -------获取支付结果---------partnerTradeNo:
2020-01-17 14:15:24 [http-nio-8087-exec-5] INFO  [com.yufan.controller.PayController] - -------获取支付结果---------partnerTradeNo:
2020-01-17 14:17:48 [restartedMain] INFO  [com.yufan.cache.InitCache] - -----clients:1
2020-01-17 14:17:48 [restartedMain] INFO  [com.yufan.cache.InitCache] - -----clientConfigs:1
2020-01-17 14:19:09 [restartedMain] INFO  [com.yufan.cache.InitCache] - -----clients:1
2020-01-17 14:19:09 [restartedMain] INFO  [com.yufan.cache.InitCache] - -----clientConfigs:1
2020-01-17 14:19:27 [http-nio-8087-exec-2] INFO  [com.yufan.controller.TestController] - --ajaxPayResultTest-2
2020-01-17 14:20:44 [restartedMain] INFO  [com.yufan.cache.InitCache] - -----clients:1
2020-01-17 14:20:44 [restartedMain] INFO  [com.yufan.cache.InitCache] - -----clientConfigs:1
2020-01-17 14:21:51 [http-nio-8087-exec-2] INFO  [com.yufan.controller.TestController] - --ajaxPayResultTest-0
2020-01-17 14:21:53 [http-nio-8087-exec-4] INFO  [com.yufan.controller.TestController] - --ajaxPayResultTest-0
2020-01-17 14:21:55 [http-nio-8087-exec-3] INFO  [com.yufan.controller.TestController] - --ajaxPayResultTest-0
2020-01-17 14:21:57 [http-nio-8087-exec-6] INFO  [com.yufan.controller.TestController] - --ajaxPayResultTest-0
2020-01-17 14:21:59 [http-nio-8087-exec-7] INFO  [com.yufan.controller.TestController] - --ajaxPayResultTest-2
2020-01-17 14:23:48 [http-nio-8087-exec-9] INFO  [com.yufan.controller.TestController] - --ajaxPayResultTest-2
2020-01-17 14:23:56 [http-nio-8087-exec-1] INFO  [com.yufan.controller.TestController] - --ajaxPayResultTest-2
2020-01-17 14:24:45 [http-nio-8087-exec-4] INFO  [com.yufan.controller.TestController] - --ajaxPayResultTest-2
2020-01-17 14:24:49 [http-nio-8087-exec-6] INFO  [com.yufan.controller.TestController] - --ajaxPayResultTest-2
2020-01-17 14:25:20 [http-nio-8087-exec-7] INFO  [com.yufan.controller.TestController] - --ajaxPayResultTest-2
2020-01-17 14:25:47 [http-nio-8087-exec-3] INFO  [com.yufan.controller.TestController] - --ajaxPayResultTest-2
2020-01-17 14:25:51 [http-nio-8087-exec-10] INFO  [com.yufan.controller.TestController] - --ajaxPayResultTest-2
2020-01-17 14:26:51 [http-nio-8087-exec-7] INFO  [com.yufan.controller.TestController] - --ajaxPayResultTest-2
2020-01-17 14:30:30 [http-nio-8087-exec-3] INFO  [com.yufan.controller.TestController] - --ajaxPayResultTest-2
2020-01-17 14:31:41 [http-nio-8087-exec-10] INFO  [com.yufan.controller.TestController] - --ajaxPayResultTest-2
2020-01-17 14:31:50 [http-nio-8087-exec-7] INFO  [com.yufan.controller.TestController] - --ajaxPayResultTest-2
2020-01-17 14:32:02 [http-nio-8087-exec-6] INFO  [com.yufan.controller.TestController] - --ajaxPayResultTest-2
2020-01-17 14:32:40 [http-nio-8087-exec-4] INFO  [com.yufan.controller.TestController] - --ajaxPayResultTest-2
2020-01-17 14:32:49 [http-nio-8087-exec-9] INFO  [com.yufan.controller.TestController] - --ajaxPayResultTest-2
2020-01-17 14:33:26 [http-nio-8087-exec-6] INFO  [com.yufan.controller.TestController] - --ajaxPayResultTest-2
2020-01-17 14:33:34 [http-nio-8087-exec-5] INFO  [com.yufan.controller.TestController] - --ajaxPayResultTest-2
2020-01-17 14:33:38 [http-nio-8087-exec-9] INFO  [com.yufan.controller.TestController] - --ajaxPayResultTest-2
2020-01-17 14:34:10 [http-nio-8087-exec-8] INFO  [com.yufan.controller.TestController] - --ajaxPayResultTest-2
2020-01-17 14:34:35 [http-nio-8087-exec-4] INFO  [com.yufan.controller.TestController] - --ajaxPayResultTest-2
2020-01-17 14:36:05 [http-nio-8087-exec-5] INFO  [com.yufan.controller.TestController] - --ajaxPayResultTest-2
2020-01-17 14:36:22 [http-nio-8087-exec-3] INFO  [com.yufan.controller.TestController] - --ajaxPayResultTest-2
2020-01-17 14:36:29 [http-nio-8087-exec-9] INFO  [com.yufan.controller.TestController] - --ajaxPayResultTest-2
2020-01-17 14:36:53 [http-nio-8087-exec-1] INFO  [com.yufan.controller.TestController] - --ajaxPayResultTest-2
2020-01-17 14:37:11 [http-nio-8087-exec-6] INFO  [com.yufan.controller.TestController] - --ajaxPayResultTest-2
2020-01-17 14:37:16 [http-nio-8087-exec-5] INFO  [com.yufan.controller.TestController] - --ajaxPayResultTest-2
2020-01-17 14:37:59 [http-nio-8087-exec-1] INFO  [com.yufan.controller.TestController] - --ajaxPayResultTest-2
2020-01-17 14:38:57 [http-nio-8087-exec-9] INFO  [com.yufan.controller.TestController] - --ajaxPayResultTest-2
2020-01-17 14:39:02 [http-nio-8087-exec-6] INFO  [com.yufan.controller.TestController] - --ajaxPayResultTest-2
2020-01-17 14:39:18 [http-nio-8087-exec-10] INFO  [com.yufan.controller.TestController] - --ajaxPayResultTest-2
2020-01-17 14:39:25 [http-nio-8087-exec-9] INFO  [com.yufan.controller.TestController] - --ajaxPayResultTest-2
2020-01-17 14:40:09 [http-nio-8087-exec-5] INFO  [com.yufan.controller.TestController] - --ajaxPayResultTest-2
2020-01-17 14:40:26 [http-nio-8087-exec-10] INFO  [com.yufan.controller.TestController] - --ajaxPayResultTest-2
2020-01-17 14:40:38 [http-nio-8087-exec-3] INFO  [com.yufan.controller.TestController] - --ajaxPayResultTest-2
2020-01-17 14:41:11 [http-nio-8087-exec-9] INFO  [com.yufan.controller.TestController] - --ajaxPayResultTest-2
2020-01-17 14:41:16 [http-nio-8087-exec-8] INFO  [com.yufan.controller.TestController] - --ajaxPayResultTest-2
2020-01-17 14:42:22 [restartedMain] INFO  [com.yufan.cache.InitCache] - -----clients:1
2020-01-17 14:42:22 [restartedMain] INFO  [com.yufan.cache.InitCache] - -----clientConfigs:1
2020-01-17 14:46:22 [http-nio-8087-exec-4] INFO  [com.yufan.controller.TestController] - --ajaxPayResultTest-0
2020-01-17 14:46:24 [http-nio-8087-exec-9] INFO  [com.yufan.controller.TestController] - --ajaxPayResultTest-0
2020-01-17 14:46:26 [http-nio-8087-exec-5] INFO  [com.yufan.controller.TestController] - --ajaxPayResultTest-0
2020-01-17 14:46:28 [http-nio-8087-exec-3] INFO  [com.yufan.controller.TestController] - --ajaxPayResultTest-0
2020-01-17 14:46:42 [http-nio-8087-exec-8] INFO  [com.yufan.controller.TestController] - --ajaxPayResultTest-0
2020-01-17 14:46:44 [http-nio-8087-exec-10] INFO  [com.yufan.controller.TestController] - --ajaxPayResultTest-0
2020-01-17 14:46:46 [http-nio-8087-exec-6] INFO  [com.yufan.controller.TestController] - --ajaxPayResultTest-0
2020-01-17 14:46:48 [http-nio-8087-exec-2] INFO  [com.yufan.controller.TestController] - --ajaxPayResultTest-0
2020-01-17 14:47:47 [http-nio-8087-exec-4] INFO  [com.yufan.controller.TestController] - --ajaxPayResultTest-0
2020-01-17 14:47:49 [http-nio-8087-exec-5] INFO  [com.yufan.controller.TestController] - --ajaxPayResultTest-0
2020-01-17 14:47:51 [http-nio-8087-exec-8] INFO  [com.yufan.controller.TestController] - --ajaxPayResultTest-0
2020-01-17 14:47:53 [http-nio-8087-exec-6] INFO  [com.yufan.controller.TestController] - --ajaxPayResultTest-0
2020-01-17 14:49:28 [http-nio-8087-exec-1] INFO  [com.yufan.controller.TestController] - --ajaxPayResultTest-0
2020-01-17 14:49:30 [http-nio-8087-exec-3] INFO  [com.yufan.controller.TestController] - --ajaxPayResultTest-0
2020-01-17 14:49:32 [http-nio-8087-exec-10] INFO  [com.yufan.controller.TestController] - --ajaxPayResultTest-0
2020-01-17 14:49:35 [http-nio-8087-exec-10] INFO  [com.yufan.controller.TestController] - --ajaxPayResultTest-0
2020-01-17 14:49:37 [http-nio-8087-exec-7] INFO  [com.yufan.controller.TestController] - --ajaxPayResultTest-0
2020-01-17 14:49:39 [http-nio-8087-exec-9] INFO  [com.yufan.controller.TestController] - --ajaxPayResultTest-0
2020-01-17 14:49:41 [http-nio-8087-exec-2] INFO  [com.yufan.controller.TestController] - --ajaxPayResultTest-0
2020-01-17 14:49:55 [http-nio-8087-exec-4] INFO  [com.yufan.controller.TestController] - --ajaxPayResultTest-1
2020-01-17 14:50:26 [http-nio-8087-exec-5] INFO  [com.yufan.controller.TestController] - --ajaxPayResultTest-1
2020-01-17 14:50:42 [http-nio-8087-exec-6] INFO  [com.yufan.controller.TestController] - --ajaxPayResultTest-0
2020-01-17 14:50:44 [http-nio-8087-exec-3] INFO  [com.yufan.controller.TestController] - --ajaxPayResultTest-0
2020-01-17 14:50:46 [http-nio-8087-exec-7] INFO  [com.yufan.controller.TestController] - --ajaxPayResultTest-0
2020-01-17 14:50:48 [http-nio-8087-exec-9] INFO  [com.yufan.controller.TestController] - --ajaxPayResultTest-0
2020-01-17 14:50:57 [http-nio-8087-exec-2] INFO  [com.yufan.controller.TestController] - --ajaxPayResultTest-0
2020-01-17 14:50:59 [http-nio-8087-exec-10] INFO  [com.yufan.controller.TestController] - --ajaxPayResultTest-0
2020-01-17 14:51:01 [http-nio-8087-exec-1] INFO  [com.yufan.controller.TestController] - --ajaxPayResultTest-0
2020-01-17 14:51:03 [http-nio-8087-exec-6] INFO  [com.yufan.controller.TestController] - --ajaxPayResultTest-0
2020-01-17 14:51:18 [http-nio-8087-exec-4] INFO  [com.yufan.controller.TestController] - --ajaxPayResultTest-2
2020-01-17 14:52:00 [http-nio-8087-exec-4] INFO  [com.yufan.controller.TestController] - --ajaxPayResultTest-2
2020-01-17 14:52:26 [http-nio-8087-exec-8] INFO  [com.yufan.controller.TestController] - --ajaxPayResultTest-2
2020-01-17 14:52:54 [http-nio-8087-exec-9] INFO  [com.yufan.controller.TestController] - --ajaxPayResultTest-2
2020-01-17 14:53:05 [http-nio-8087-exec-10] INFO  [com.yufan.controller.TestController] - --ajaxPayResultTest-2
2020-01-17 14:53:43 [http-nio-8087-exec-3] INFO  [com.yufan.controller.TestController] - --ajaxPayResultTest-2
2020-01-17 14:54:44 [http-nio-8087-exec-7] INFO  [com.yufan.controller.TestController] - --ajaxPayResultTest-2
2020-01-17 14:55:12 [http-nio-8087-exec-9] INFO  [com.yufan.controller.TestController] - --ajaxPayResultTest-2
2020-01-17 14:55:29 [http-nio-8087-exec-3] INFO  [com.yufan.controller.TestController] - --ajaxPayResultTest-2
2020-01-17 14:56:56 [http-nio-8087-exec-10] INFO  [com.yufan.controller.TestController] - --ajaxPayResultTest-0
2020-01-17 14:56:58 [http-nio-8087-exec-2] INFO  [com.yufan.controller.TestController] - --ajaxPayResultTest-0
2020-01-17 14:57:00 [http-nio-8087-exec-7] INFO  [com.yufan.controller.TestController] - --ajaxPayResultTest-0
2020-01-17 14:57:02 [http-nio-8087-exec-4] INFO  [com.yufan.controller.TestController] - --ajaxPayResultTest-0
2020-01-17 14:57:04 [http-nio-8087-exec-9] INFO  [com.yufan.controller.TestController] - --ajaxPayResultTest-0
2020-01-17 14:57:06 [http-nio-8087-exec-8] INFO  [com.yufan.controller.TestController] - --ajaxPayResultTest-0
2020-01-17 14:57:08 [http-nio-8087-exec-1] INFO  [com.yufan.controller.TestController] - --ajaxPayResultTest-0
2020-01-17 14:57:10 [http-nio-8087-exec-6] INFO  [com.yufan.controller.TestController] - --ajaxPayResultTest-0
2020-01-17 14:57:12 [http-nio-8087-exec-3] INFO  [com.yufan.controller.TestController] - --ajaxPayResultTest-0
2020-01-17 14:57:14 [http-nio-8087-exec-5] INFO  [com.yufan.controller.TestController] - --ajaxPayResultTest-0
2020-01-17 14:57:16 [http-nio-8087-exec-10] INFO  [com.yufan.controller.TestController] - --ajaxPayResultTest-0
2020-01-17 14:57:18 [http-nio-8087-exec-2] INFO  [com.yufan.controller.TestController] - --ajaxPayResultTest-0
2020-01-17 14:57:20 [http-nio-8087-exec-7] INFO  [com.yufan.controller.TestController] - --ajaxPayResultTest-0
2020-01-17 14:57:22 [http-nio-8087-exec-4] INFO  [com.yufan.controller.TestController] - --ajaxPayResultTest-0
2020-01-17 14:57:24 [http-nio-8087-exec-9] INFO  [com.yufan.controller.TestController] - --ajaxPayResultTest-0
2020-01-17 14:57:26 [http-nio-8087-exec-8] INFO  [com.yufan.controller.TestController] - --ajaxPayResultTest-0
2020-01-17 14:57:28 [http-nio-8087-exec-1] INFO  [com.yufan.controller.TestController] - --ajaxPayResultTest-0
2020-01-17 14:57:30 [http-nio-8087-exec-6] INFO  [com.yufan.controller.TestController] - --ajaxPayResultTest-0
2020-01-17 14:57:32 [http-nio-8087-exec-3] INFO  [com.yufan.controller.TestController] - --ajaxPayResultTest-0
2020-01-17 14:57:34 [http-nio-8087-exec-5] INFO  [com.yufan.controller.TestController] - --ajaxPayResultTest-0
2020-01-17 14:57:36 [http-nio-8087-exec-10] INFO  [com.yufan.controller.TestController] - --ajaxPayResultTest-0
2020-01-17 14:57:38 [http-nio-8087-exec-2] INFO  [com.yufan.controller.TestController] - --ajaxPayResultTest-0
2020-01-17 14:57:40 [http-nio-8087-exec-7] INFO  [com.yufan.controller.TestController] - --ajaxPayResultTest-0
2020-01-17 14:57:42 [http-nio-8087-exec-4] INFO  [com.yufan.controller.TestController] - --ajaxPayResultTest-0
2020-01-17 14:57:44 [http-nio-8087-exec-9] INFO  [com.yufan.controller.TestController] - --ajaxPayResultTest-0
2020-01-17 14:57:46 [http-nio-8087-exec-8] INFO  [com.yufan.controller.TestController] - --ajaxPayResultTest-0
2020-01-17 14:57:50 [http-nio-8087-exec-1] INFO  [com.yufan.controller.TestController] - --ajaxPayResultTest-0
2020-01-17 14:57:52 [http-nio-8087-exec-3] INFO  [com.yufan.controller.TestController] - --ajaxPayResultTest-0
2020-01-17 14:57:54 [http-nio-8087-exec-5] INFO  [com.yufan.controller.TestController] - --ajaxPayResultTest-0
2020-01-17 14:57:56 [http-nio-8087-exec-10] INFO  [com.yufan.controller.TestController] - --ajaxPayResultTest-0
2020-01-17 14:57:58 [http-nio-8087-exec-6] INFO  [com.yufan.controller.TestController] - --ajaxPayResultTest-0
2020-01-17 14:58:00 [http-nio-8087-exec-7] INFO  [com.yufan.controller.TestController] - --ajaxPayResultTest-0
2020-01-17 14:58:02 [http-nio-8087-exec-2] INFO  [com.yufan.controller.TestController] - --ajaxPayResultTest-0
2020-01-17 14:58:04 [http-nio-8087-exec-9] INFO  [com.yufan.controller.TestController] - --ajaxPayResultTest-0
2020-01-17 14:58:06 [http-nio-8087-exec-4] INFO  [com.yufan.controller.TestController] - --ajaxPayResultTest-0
2020-01-17 14:58:08 [http-nio-8087-exec-8] INFO  [com.yufan.controller.TestController] - --ajaxPayResultTest-0
2020-01-17 14:58:10 [http-nio-8087-exec-1] INFO  [com.yufan.controller.TestController] - --ajaxPayResultTest-0
2020-01-17 14:58:12 [http-nio-8087-exec-3] INFO  [com.yufan.controller.TestController] - --ajaxPayResultTest-0
2020-01-17 14:58:14 [http-nio-8087-exec-5] INFO  [com.yufan.controller.TestController] - --ajaxPayResultTest-0
2020-01-17 14:58:16 [http-nio-8087-exec-10] INFO  [com.yufan.controller.TestController] - --ajaxPayResultTest-0
2020-01-17 14:58:18 [http-nio-8087-exec-6] INFO  [com.yufan.controller.TestController] - --ajaxPayResultTest-0
2020-01-17 14:58:20 [http-nio-8087-exec-7] INFO  [com.yufan.controller.TestController] - --ajaxPayResultTest-0
2020-01-17 14:58:22 [http-nio-8087-exec-2] INFO  [com.yufan.controller.TestController] - --ajaxPayResultTest-0
2020-01-17 14:58:24 [http-nio-8087-exec-9] INFO  [com.yufan.controller.TestController] - --ajaxPayResultTest-0
2020-01-17 14:58:26 [http-nio-8087-exec-4] INFO  [com.yufan.controller.TestController] - --ajaxPayResultTest-0
2020-01-17 14:58:28 [http-nio-8087-exec-8] INFO  [com.yufan.controller.TestController] - --ajaxPayResultTest-0
2020-01-17 14:58:30 [http-nio-8087-exec-1] INFO  [com.yufan.controller.TestController] - --ajaxPayResultTest-0
2020-01-17 14:58:32 [http-nio-8087-exec-3] INFO  [com.yufan.controller.TestController] - --ajaxPayResultTest-0
2020-01-17 14:58:34 [http-nio-8087-exec-5] INFO  [com.yufan.controller.TestController] - --ajaxPayResultTest-0
2020-01-17 14:58:36 [http-nio-8087-exec-10] INFO  [com.yufan.controller.TestController] - --ajaxPayResultTest-0
2020-01-17 14:58:40 [http-nio-8087-exec-6] INFO  [com.yufan.controller.TestController] - --ajaxPayResultTest-0
2020-01-17 14:58:42 [http-nio-8087-exec-2] INFO  [com.yufan.controller.TestController] - --ajaxPayResultTest-0
2020-01-17 14:58:44 [http-nio-8087-exec-7] INFO  [com.yufan.controller.TestController] - --ajaxPayResultTest-0
2020-01-17 14:58:46 [http-nio-8087-exec-9] INFO  [com.yufan.controller.TestController] - --ajaxPayResultTest-0
2020-01-17 14:58:48 [http-nio-8087-exec-4] INFO  [com.yufan.controller.TestController] - --ajaxPayResultTest-0
2020-01-17 14:58:50 [http-nio-8087-exec-5] INFO  [com.yufan.controller.TestController] - --ajaxPayResultTest-0
2020-01-17 14:58:52 [http-nio-8087-exec-3] INFO  [com.yufan.controller.TestController] - --ajaxPayResultTest-0
2020-01-17 14:58:54 [http-nio-8087-exec-8] INFO  [com.yufan.controller.TestController] - --ajaxPayResultTest-0
2020-01-17 14:58:56 [http-nio-8087-exec-1] INFO  [com.yufan.controller.TestController] - --ajaxPayResultTest-0
2020-01-17 14:58:58 [http-nio-8087-exec-10] INFO  [com.yufan.controller.TestController] - --ajaxPayResultTest-0
2020-01-17 14:59:00 [http-nio-8087-exec-6] INFO  [com.yufan.controller.TestController] - --ajaxPayResultTest-0
2020-01-17 14:59:02 [http-nio-8087-exec-2] INFO  [com.yufan.controller.TestController] - --ajaxPayResultTest-0
2020-01-17 14:59:04 [http-nio-8087-exec-7] INFO  [com.yufan.controller.TestController] - --ajaxPayResultTest-0
2020-01-17 14:59:06 [http-nio-8087-exec-9] INFO  [com.yufan.controller.TestController] - --ajaxPayResultTest-0
2020-01-17 14:59:08 [http-nio-8087-exec-4] INFO  [com.yufan.controller.TestController] - --ajaxPayResultTest-0
2020-01-17 14:59:10 [http-nio-8087-exec-5] INFO  [com.yufan.controller.TestController] - --ajaxPayResultTest-0
2020-01-17 14:59:12 [http-nio-8087-exec-3] INFO  [com.yufan.controller.TestController] - --ajaxPayResultTest-0
2020-01-17 14:59:15 [http-nio-8087-exec-8] INFO  [com.yufan.controller.TestController] - --ajaxPayResultTest-0
2020-01-17 14:59:17 [http-nio-8087-exec-7] INFO  [com.yufan.controller.TestController] - --ajaxPayResultTest-0
2020-01-17 14:59:19 [http-nio-8087-exec-9] INFO  [com.yufan.controller.TestController] - --ajaxPayResultTest-0
2020-01-17 14:59:21 [http-nio-8087-exec-10] INFO  [com.yufan.controller.TestController] - --ajaxPayResultTest-0
2020-01-17 14:59:23 [http-nio-8087-exec-2] INFO  [com.yufan.controller.TestController] - --ajaxPayResultTest-0
2020-01-17 14:59:25 [http-nio-8087-exec-6] INFO  [com.yufan.controller.TestController] - --ajaxPayResultTest-0
2020-01-17 14:59:28 [http-nio-8087-exec-1] INFO  [com.yufan.controller.TestController] - --ajaxPayResultTest-0
2020-01-17 14:59:31 [http-nio-8087-exec-5] INFO  [com.yufan.controller.TestController] - --ajaxPayResultTest-0
2020-01-17 14:59:32 [http-nio-8087-exec-3] INFO  [com.yufan.controller.TestController] - --ajaxPayResultTest-0
2020-01-17 14:59:34 [http-nio-8087-exec-4] INFO  [com.yufan.controller.TestController] - --ajaxPayResultTest-0
2020-01-17 14:59:38 [http-nio-8087-exec-8] INFO  [com.yufan.controller.TestController] - --ajaxPayResultTest-0
2020-01-17 14:59:40 [http-nio-8087-exec-10] INFO  [com.yufan.controller.TestController] - --ajaxPayResultTest-0
2020-01-17 14:59:42 [http-nio-8087-exec-7] INFO  [com.yufan.controller.TestController] - --ajaxPayResultTest-0
2020-01-17 14:59:44 [http-nio-8087-exec-9] INFO  [com.yufan.controller.TestController] - --ajaxPayResultTest-0
2020-01-17 14:59:46 [http-nio-8087-exec-2] INFO  [com.yufan.controller.TestController] - --ajaxPayResultTest-0
2020-01-17 14:59:48 [http-nio-8087-exec-6] INFO  [com.yufan.controller.TestController] - --ajaxPayResultTest-0
2020-01-17 14:59:50 [http-nio-8087-exec-1] INFO  [com.yufan.controller.TestController] - --ajaxPayResultTest-0
2020-01-17 14:59:52 [http-nio-8087-exec-3] INFO  [com.yufan.controller.TestController] - --ajaxPayResultTest-0
2020-01-17 14:59:54 [http-nio-8087-exec-5] INFO  [com.yufan.controller.TestController] - --ajaxPayResultTest-0
2020-01-17 14:59:56 [http-nio-8087-exec-4] INFO  [com.yufan.controller.TestController] - --ajaxPayResultTest-0
2020-01-17 14:59:58 [http-nio-8087-exec-8] INFO  [com.yufan.controller.TestController] - --ajaxPayResultTest-0
2020-01-17 15:00:00 [http-nio-8087-exec-10] INFO  [com.yufan.controller.TestController] - --ajaxPayResultTest-0
2020-01-17 15:00:02 [http-nio-8087-exec-7] INFO  [com.yufan.controller.TestController] - --ajaxPayResultTest-0
2020-01-17 15:00:04 [http-nio-8087-exec-9] INFO  [com.yufan.controller.TestController] - --ajaxPayResultTest-0
2020-01-17 15:00:06 [http-nio-8087-exec-2] INFO  [com.yufan.controller.TestController] - --ajaxPayResultTest-0
2020-01-17 15:00:12 [http-nio-8087-exec-6] INFO  [com.yufan.controller.TestController] - --ajaxPayResultTest-0
2020-01-17 15:00:14 [http-nio-8087-exec-4] INFO  [com.yufan.controller.TestController] - --ajaxPayResultTest-0
2020-01-17 15:00:16 [http-nio-8087-exec-8] INFO  [com.yufan.controller.TestController] - --ajaxPayResultTest-0
2020-01-17 15:00:18 [http-nio-8087-exec-10] INFO  [com.yufan.controller.TestController] - --ajaxPayResultTest-0
2020-01-17 15:00:23 [http-nio-8087-exec-3] INFO  [com.yufan.controller.TestController] - --ajaxPayResultTest-0
2020-01-17 15:00:25 [http-nio-8087-exec-2] INFO  [com.yufan.controller.TestController] - --ajaxPayResultTest-0
2020-01-17 15:00:27 [http-nio-8087-exec-1] INFO  [com.yufan.controller.TestController] - --ajaxPayResultTest-0
2020-01-17 15:00:29 [http-nio-8087-exec-5] INFO  [com.yufan.controller.TestController] - --ajaxPayResultTest-0
2020-01-17 15:00:31 [http-nio-8087-exec-9] INFO  [com.yufan.controller.TestController] - --ajaxPayResultTest-0
2020-01-17 15:00:33 [http-nio-8087-exec-7] INFO  [com.yufan.controller.TestController] - --ajaxPayResultTest-0
2020-01-17 15:00:35 [http-nio-8087-exec-6] INFO  [com.yufan.controller.TestController] - --ajaxPayResultTest-0
2020-01-17 15:00:37 [http-nio-8087-exec-8] INFO  [com.yufan.controller.TestController] - --ajaxPayResultTest-0
2020-01-17 15:00:39 [http-nio-8087-exec-4] INFO  [com.yufan.controller.TestController] - --ajaxPayResultTest-0
2020-01-17 15:00:41 [http-nio-8087-exec-10] INFO  [com.yufan.controller.TestController] - --ajaxPayResultTest-0
2020-01-17 15:00:43 [http-nio-8087-exec-3] INFO  [com.yufan.controller.TestController] - --ajaxPayResultTest-0
2020-01-17 15:00:45 [http-nio-8087-exec-2] INFO  [com.yufan.controller.TestController] - --ajaxPayResultTest-0
2020-01-17 15:00:47 [http-nio-8087-exec-1] INFO  [com.yufan.controller.TestController] - --ajaxPayResultTest-0
2020-01-17 15:00:52 [http-nio-8087-exec-5] INFO  [com.yufan.controller.TestController] - --ajaxPayResultTest-0
2020-01-17 15:00:54 [http-nio-8087-exec-9] INFO  [com.yufan.controller.TestController] - --ajaxPayResultTest-0
2020-01-17 15:00:56 [http-nio-8087-exec-10] INFO  [com.yufan.controller.TestController] - --ajaxPayResultTest-0
2020-01-17 15:01:00 [http-nio-8087-exec-1] INFO  [com.yufan.controller.TestController] - --ajaxPayResultTest-0
2020-01-17 15:01:02 [http-nio-8087-exec-6] INFO  [com.yufan.controller.TestController] - --ajaxPayResultTest-0
2020-01-17 15:01:04 [http-nio-8087-exec-8] INFO  [com.yufan.controller.TestController] - --ajaxPayResultTest-0
2020-01-17 15:01:06 [http-nio-8087-exec-3] INFO  [com.yufan.controller.TestController] - --ajaxPayResultTest-0
2020-01-17 15:01:08 [http-nio-8087-exec-4] INFO  [com.yufan.controller.TestController] - --ajaxPayResultTest-0
2020-01-17 15:01:10 [http-nio-8087-exec-2] INFO  [com.yufan.controller.TestController] - --ajaxPayResultTest-0
2020-01-17 15:01:12 [http-nio-8087-exec-9] INFO  [com.yufan.controller.TestController] - --ajaxPayResultTest-0
2020-01-17 15:01:14 [http-nio-8087-exec-7] INFO  [com.yufan.controller.TestController] - --ajaxPayResultTest-0
2020-01-17 15:01:16 [http-nio-8087-exec-5] INFO  [com.yufan.controller.TestController] - --ajaxPayResultTest-0
2020-01-17 15:01:18 [http-nio-8087-exec-10] INFO  [com.yufan.controller.TestController] - --ajaxPayResultTest-0
2020-01-17 15:01:20 [http-nio-8087-exec-1] INFO  [com.yufan.controller.TestController] - --ajaxPayResultTest-0
2020-01-17 15:01:22 [http-nio-8087-exec-6] INFO  [com.yufan.controller.TestController] - --ajaxPayResultTest-0
2020-01-17 15:01:24 [http-nio-8087-exec-8] INFO  [com.yufan.controller.TestController] - --ajaxPayResultTest-0
2020-01-17 15:01:26 [http-nio-8087-exec-3] INFO  [com.yufan.controller.TestController] - --ajaxPayResultTest-0
2020-01-17 15:01:28 [http-nio-8087-exec-4] INFO  [com.yufan.controller.TestController] - --ajaxPayResultTest-0
2020-01-17 15:01:30 [http-nio-8087-exec-2] INFO  [com.yufan.controller.TestController] - --ajaxPayResultTest-0
2020-01-17 15:01:32 [http-nio-8087-exec-9] INFO  [com.yufan.controller.TestController] - --ajaxPayResultTest-0
2020-01-17 15:01:34 [http-nio-8087-exec-7] INFO  [com.yufan.controller.TestController] - --ajaxPayResultTest-0
2020-01-17 15:01:36 [http-nio-8087-exec-5] INFO  [com.yufan.controller.TestController] - --ajaxPayResultTest-0
2020-01-17 15:01:38 [http-nio-8087-exec-10] INFO  [com.yufan.controller.TestController] - --ajaxPayResultTest-0
2020-01-17 15:01:40 [http-nio-8087-exec-1] INFO  [com.yufan.controller.TestController] - --ajaxPayResultTest-0
2020-01-17 15:01:42 [http-nio-8087-exec-6] INFO  [com.yufan.controller.TestController] - --ajaxPayResultTest-0
2020-01-17 15:01:44 [http-nio-8087-exec-8] INFO  [com.yufan.controller.TestController] - --ajaxPayResultTest-0
2020-01-17 15:01:46 [http-nio-8087-exec-3] INFO  [com.yufan.controller.TestController] - --ajaxPayResultTest-0
2020-01-17 15:01:48 [http-nio-8087-exec-4] INFO  [com.yufan.controller.TestController] - --ajaxPayResultTest-0
2020-01-17 15:01:50 [http-nio-8087-exec-2] INFO  [com.yufan.controller.TestController] - --ajaxPayResultTest-0
2020-01-17 15:01:52 [http-nio-8087-exec-9] INFO  [com.yufan.controller.TestController] - --ajaxPayResultTest-0
2020-01-17 15:01:57 [http-nio-8087-exec-7] INFO  [com.yufan.controller.TestController] - --ajaxPayResultTest-0
2020-01-17 15:01:59 [http-nio-8087-exec-1] INFO  [com.yufan.controller.TestController] - --ajaxPayResultTest-0
2020-01-17 15:02:01 [http-nio-8087-exec-8] INFO  [com.yufan.controller.TestController] - --ajaxPayResultTest-0
2020-01-17 15:02:03 [http-nio-8087-exec-10] INFO  [com.yufan.controller.TestController] - --ajaxPayResultTest-0
2020-01-17 15:02:05 [http-nio-8087-exec-6] INFO  [com.yufan.controller.TestController] - --ajaxPayResultTest-0
2020-01-17 15:02:07 [http-nio-8087-exec-5] INFO  [com.yufan.controller.TestController] - --ajaxPayResultTest-0
2020-01-17 15:02:09 [http-nio-8087-exec-3] INFO  [com.yufan.controller.TestController] - --ajaxPayResultTest-0
2020-01-17 15:02:11 [http-nio-8087-exec-2] INFO  [com.yufan.controller.TestController] - --ajaxPayResultTest-0
2020-01-17 15:02:13 [http-nio-8087-exec-4] INFO  [com.yufan.controller.TestController] - --ajaxPayResultTest-0
2020-01-17 15:02:15 [http-nio-8087-exec-9] INFO  [com.yufan.controller.TestController] - --ajaxPayResultTest-0
2020-01-17 15:02:17 [http-nio-8087-exec-7] INFO  [com.yufan.controller.TestController] - --ajaxPayResultTest-0
2020-01-17 15:02:19 [http-nio-8087-exec-1] INFO  [com.yufan.controller.TestController] - --ajaxPayResultTest-0
2020-01-17 15:02:21 [http-nio-8087-exec-8] INFO  [com.yufan.controller.TestController] - --ajaxPayResultTest-0
2020-01-17 15:02:23 [http-nio-8087-exec-10] INFO  [com.yufan.controller.TestController] - --ajaxPayResultTest-0
2020-01-17 15:02:25 [http-nio-8087-exec-6] INFO  [com.yufan.controller.TestController] - --ajaxPayResultTest-0
2020-01-17 15:02:27 [http-nio-8087-exec-5] INFO  [com.yufan.controller.TestController] - --ajaxPayResultTest-0
2020-01-17 15:02:29 [http-nio-8087-exec-3] INFO  [com.yufan.controller.TestController] - --ajaxPayResultTest-0
2020-01-17 15:02:31 [http-nio-8087-exec-2] INFO  [com.yufan.controller.TestController] - --ajaxPayResultTest-0
2020-01-17 15:02:33 [http-nio-8087-exec-4] INFO  [com.yufan.controller.TestController] - --ajaxPayResultTest-0
2020-01-17 15:02:35 [http-nio-8087-exec-9] INFO  [com.yufan.controller.TestController] - --ajaxPayResultTest-0
2020-01-17 15:02:37 [http-nio-8087-exec-7] INFO  [com.yufan.controller.TestController] - --ajaxPayResultTest-0
2020-01-17 15:02:39 [http-nio-8087-exec-1] INFO  [com.yufan.controller.TestController] - --ajaxPayResultTest-0
2020-01-17 15:02:41 [http-nio-8087-exec-8] INFO  [com.yufan.controller.TestController] - --ajaxPayResultTest-0
2020-01-17 15:02:45 [http-nio-8087-exec-10] INFO  [com.yufan.controller.TestController] - --ajaxPayResultTest-0
2020-01-17 15:02:47 [http-nio-8087-exec-9] INFO  [com.yufan.controller.TestController] - --ajaxPayResultTest-0
2020-01-17 15:02:49 [http-nio-8087-exec-3] INFO  [com.yufan.controller.TestController] - --ajaxPayResultTest-0
2020-01-17 15:02:51 [http-nio-8087-exec-5] INFO  [com.yufan.controller.TestController] - --ajaxPayResultTest-0
2020-01-17 15:02:53 [http-nio-8087-exec-2] INFO  [com.yufan.controller.TestController] - --ajaxPayResultTest-0
2020-01-17 15:02:57 [http-nio-8087-exec-4] INFO  [com.yufan.controller.TestController] - --ajaxPayResultTest-0
2020-01-17 15:02:59 [http-nio-8087-exec-9] INFO  [com.yufan.controller.TestController] - --ajaxPayResultTest-0
2020-01-17 15:03:01 [http-nio-8087-exec-10] INFO  [com.yufan.controller.TestController] - --ajaxPayResultTest-0
2020-01-17 15:03:03 [http-nio-8087-exec-8] INFO  [com.yufan.controller.TestController] - --ajaxPayResultTest-0
2020-01-17 15:03:05 [http-nio-8087-exec-6] INFO  [com.yufan.controller.TestController] - --ajaxPayResultTest-0
2020-01-17 15:03:07 [http-nio-8087-exec-1] INFO  [com.yufan.controller.TestController] - --ajaxPayResultTest-0
2020-01-17 15:03:09 [http-nio-8087-exec-7] INFO  [com.yufan.controller.TestController] - --ajaxPayResultTest-0
2020-01-17 15:03:11 [http-nio-8087-exec-5] INFO  [com.yufan.controller.TestController] - --ajaxPayResultTest-0
2020-01-17 15:03:13 [http-nio-8087-exec-3] INFO  [com.yufan.controller.TestController] - --ajaxPayResultTest-0
2020-01-17 15:03:15 [http-nio-8087-exec-2] INFO  [com.yufan.controller.TestController] - --ajaxPayResultTest-0
2020-01-17 15:03:17 [http-nio-8087-exec-4] INFO  [com.yufan.controller.TestController] - --ajaxPayResultTest-0
2020-01-17 15:03:19 [http-nio-8087-exec-9] INFO  [com.yufan.controller.TestController] - --ajaxPayResultTest-0
2020-01-17 15:03:21 [http-nio-8087-exec-10] INFO  [com.yufan.controller.TestController] - --ajaxPayResultTest-0
2020-01-17 15:03:23 [http-nio-8087-exec-8] INFO  [com.yufan.controller.TestController] - --ajaxPayResultTest-0
2020-01-17 15:03:25 [http-nio-8087-exec-6] INFO  [com.yufan.controller.TestController] - --ajaxPayResultTest-0
2020-01-17 15:03:29 [http-nio-8087-exec-1] INFO  [com.yufan.controller.TestController] - --ajaxPayResultTest-0
2020-01-17 15:03:31 [http-nio-8087-exec-7] INFO  [com.yufan.controller.TestController] - --ajaxPayResultTest-0
2020-01-17 15:03:33 [http-nio-8087-exec-4] INFO  [com.yufan.controller.TestController] - --ajaxPayResultTest-0
2020-01-17 15:04:07 [http-nio-8087-exec-3] INFO  [com.yufan.controller.TestController] - --ajaxPayResultTest-2
2020-01-17 15:04:15 [http-nio-8087-exec-8] INFO  [com.yufan.controller.TestController] - --ajaxPayResultTest-1
2020-01-17 15:04:26 [http-nio-8087-exec-4] INFO  [com.yufan.controller.TestController] - --ajaxPayResultTest-2
2020-01-17 15:06:31 [http-nio-8087-exec-6] INFO  [com.yufan.controller.TestController] - --ajaxPayResultTest-2
2020-01-17 15:06:52 [http-nio-8087-exec-9] INFO  [com.yufan.controller.TestController] - --ajaxPayResultTest-2
2020-01-17 15:07:46 [http-nio-8087-exec-10] INFO  [com.yufan.utils.VerifySign] - ---------json:{"order_no":"20200117115652666776","business_code":"order_pay","pay_way":2,"record_type":4}
2020-01-17 15:07:46 [http-nio-8087-exec-10] INFO  [com.yufan.utils.VerifySign] - ---------secretKey:dsfsdfsd
2020-01-17 15:07:46 [http-nio-8087-exec-10] INFO  [com.yufan.controller.TestController] - ----请求支付参数-----{"order_no":"20200117115652666776","sign":"ec978e9e3519d4c9f7837abdc1d5ce4b","business_code":"order_pay","pay_way":2,"record_type":4,"sid":"h5-web","timestamp":"1579244866"}
2020-01-17 15:07:46 [http-nio-8087-exec-1] INFO  [com.yufan.controller.PayController] - ----payEnter-------->base64Str:eyJvcmRlcl9ubyI6IjIwMjAwMTE3MTE1NjUyNjY2Nzc2Iiwic2lnbiI6ImVjOTc4ZTllMzUxOWQ0YzlmNzgzN2FiZGMxZDVjZTRiIiwiYnVzaW5lc3NfY29kZSI6Im9yZGVyX3BheSIsInBheV93YXkiOjIsInJlY29yZF90eXBlIjo0LCJzaWQiOiJoNS13ZWIiLCJ0aW1lc3RhbXAiOiIxNTc5MjQ0ODY2In0=
2020-01-17 15:07:46 [http-nio-8087-exec-1] INFO  [com.yufan.controller.PayController] - ---payEnter--------->base64Str明文:{"order_no":"20200117115652666776","sign":"ec978e9e3519d4c9f7837abdc1d5ce4b","business_code":"order_pay","pay_way":2,"record_type":4,"sid":"h5-web","timestamp":"1579244866"}
2020-01-17 15:07:46 [http-nio-8087-exec-1] INFO  [com.yufan.utils.VerifySign] - ---------json:{"order_no":"20200117115652666776","business_code":"order_pay","pay_way":2,"record_type":4}
2020-01-17 15:07:46 [http-nio-8087-exec-1] INFO  [com.yufan.utils.VerifySign] - ---------secretKey:dsfsdfsd
2020-01-17 15:07:46 [http-nio-8087-exec-1] INFO  [com.yufan.utils.VerifySign] - ---------clientSign:ec978e9e3519d4c9f7837abdc1d5ce4b
2020-01-17 15:07:46 [http-nio-8087-exec-1] INFO  [com.yufan.controller.PayController] - ---payEnter------orderNo:20200117115652666776
2020-01-17 15:07:46 [http-nio-8087-exec-1] INFO  [com.yufan.controller.PayController] - --payEnter-------goodsName:绿萝盆栽室内净化空气吸除甲醛花卉吊兰办公室绿植物水培长藤绿箩;【6期免息】【礼盒上市】Huawei/华为nova 5 Pro超级夜景4800万AI四摄超级快充超广角智能手机nova5pro
2020-01-17 15:07:46 [http-nio-8087-exec-1] INFO  [com.yufan.controller.PayController] - ---payEnter------orderPrice:27.00
2020-01-17 15:07:46 [http-nio-8087-exec-1] INFO  [com.yufan.controller.PayController] - ----payEnter-----partnerTradeNo:20200117150746703395
2020-01-17 15:07:46 [http-nio-8087-exec-1] INFO  [com.yufan.controller.PayController] - -----调用支付宝支付接口-----
2020-01-17 15:07:46 [http-nio-8087-exec-1] INFO  [com.yufan.utils.pay.alipay.AlipayUtils] - -----调用支付宝支付接口参数-----param:{"goods_name":"绿萝盆栽室内净化空气吸除甲醛花卉吊兰办公室绿植物水培长藤绿箩;【6期免息】【礼盒上市】Huawei/华为nova 5 Pro超级夜景4800万AI四摄超级快充超广角智能手机nova5pro","quit_url":"http://lirf-shop.51vip.biz/pay-center/pay/interruptDefault","partner_trade_no":"20200117150746703395","order_price":27.00}
2020-01-17 15:07:47 [http-nio-8087-exec-1] INFO  [com.yufan.utils.pay.alipay.AlipayUtils] - ------调用成功--------response:{"body":"<form name=\"punchout_form\" method=\"post\" action=\"https://openapi.alipaydev.com/gateway.do?charset=UTF-8&method=alipay.trade.wap.pay&sign=Rb13HjdrwzvKwzr2aDJkduRyt%2FK6cJqNgNKAHs3oKyTkctr%2Bsu8kVuEVU6x%2Bxdo%2BVwm4s3F15DULrBP3Lmw6fDtUO2i%2B1%2FfonUwRotBNCnX9eNyNiojKkfExf4k78BiBZSQ40GA2xn%2F5vJYs7KD5KJTZwVS7uhlwqc%2Fdytz3d2iGu0mBtJMdQc74MyjhfyP0HyaukOFdsFN82zWlfbHkRyc%2Bjxz3cSshRJ%2BY%2FEXNs3pUA7WU%2FqpFadEu8k3H2v5GBueAcNK5qhnSA9aZAtjc0j6fW19W6%2Fi3rx4JJt4249Agip95sTrt0DDoYJRcGxRFNEVMyEpOBjWZkiNMPko1Fg%3D%3D&return_url=http%3A%2F%2Flirf-shop.51vip.biz%2Fpay-center%2Fpay%2FalipayReturnPage&notify_url=http%3A%2F%2Flirf-shop.51vip.biz%2Fpay-center%2Fnotice%2Falipay&version=1.0&app_id=2016092900624822&sign_type=RSA2&timestamp=2020-01-17+15%3A07%3A46&alipay_sdk=alipay-sdk-java-dynamicVersionNo&format=json\">\n<input type=\"hidden\" name=\"biz_content\" value=\"{&quot;out_trade_no&quot;:&quot;20200117150746703395&quot;,&quot;total_amount&quot;:&quot;27.00&quot;,&quot;quit_url&quot;:&quot;http://lirf-shop.51vip.biz/pay-center/pay/interruptDefault&quot;,&quot;subject&quot;:&quot;绿萝盆栽室内净化空气吸除甲醛花卉吊兰办公室绿植物水培长藤绿箩;【6期免息】【礼盒上市】Huawei/华为nova 5 Pro超级夜景4800万AI四摄超级快充超广角智能手机nova5pro&quot;,&quot;product_code&quot;:&quot;QUICK_WAP_WAY&quot;}\">\n<input type=\"submit\" value=\"立即支付\" style=\"display:none\" >\n</form>\n<script>document.forms[0].submit();</script>","success":true}
2020-01-17 15:07:47 [http-nio-8087-exec-1] INFO  [com.yufan.controller.PayController] - --------{"msg":"","code":1,"body":"<form name=\"punchout_form\" method=\"post\" action=\"https://openapi.alipaydev.com/gateway.do?charset=UTF-8&method=alipay.trade.wap.pay&sign=Rb13HjdrwzvKwzr2aDJkduRyt%2FK6cJqNgNKAHs3oKyTkctr%2Bsu8kVuEVU6x%2Bxdo%2BVwm4s3F15DULrBP3Lmw6fDtUO2i%2B1%2FfonUwRotBNCnX9eNyNiojKkfExf4k78BiBZSQ40GA2xn%2F5vJYs7KD5KJTZwVS7uhlwqc%2Fdytz3d2iGu0mBtJMdQc74MyjhfyP0HyaukOFdsFN82zWlfbHkRyc%2Bjxz3cSshRJ%2BY%2FEXNs3pUA7WU%2FqpFadEu8k3H2v5GBueAcNK5qhnSA9aZAtjc0j6fW19W6%2Fi3rx4JJt4249Agip95sTrt0DDoYJRcGxRFNEVMyEpOBjWZkiNMPko1Fg%3D%3D&return_url=http%3A%2F%2Flirf-shop.51vip.biz%2Fpay-center%2Fpay%2FalipayReturnPage&notify_url=http%3A%2F%2Flirf-shop.51vip.biz%2Fpay-center%2Fnotice%2Falipay&version=1.0&app_id=2016092900624822&sign_type=RSA2&timestamp=2020-01-17+15%3A07%3A46&alipay_sdk=alipay-sdk-java-dynamicVersionNo&format=json\">\n<input type=\"hidden\" name=\"biz_content\" value=\"{&quot;out_trade_no&quot;:&quot;20200117150746703395&quot;,&quot;total_amount&quot;:&quot;27.00&quot;,&quot;quit_url&quot;:&quot;http://lirf-shop.51vip.biz/pay-center/pay/interruptDefault&quot;,&quot;subject&quot;:&quot;绿萝盆栽室内净化空气吸除甲醛花卉吊兰办公室绿植物水培长藤绿箩;【6期免息】【礼盒上市】Huawei/华为nova 5 Pro超级夜景4800万AI四摄超级快充超广角智能手机nova5pro&quot;,&quot;product_code&quot;:&quot;QUICK_WAP_WAY&quot;}\">\n<input type=\"submit\" value=\"立即支付\" style=\"display:none\" >\n</form>\n<script>document.forms[0].submit();</script>"}
2020-01-17 15:07:58 [http-nio-8087-exec-8] INFO  [com.yufan.controller.PayResultNotice] - --payResultNoticeAlipay---支付宝支付最终结果通知------：
2020-01-17 15:07:58 [http-nio-8087-exec-8] INFO  [com.yufan.controller.PayResultNotice] - --payResultNoticeAlipay-params:{gmt_create=2020-01-17 15:07:50, charset=UTF-8, seller_email=ixidia3276@sandbox.com, notify_time=2020-01-17 15:07:50, subject=绿萝盆栽室内净化空气吸除甲醛花卉吊兰办公室绿植物水培长藤绿箩;【6期免息】【礼盒上市】Huawei/华为nova 5 Pro超级夜景4800万AI四摄超级快充超广角智能手机nova5pro, sign=UOa/OK/In+GMguSWr8nPCArvbHazDGT4LomwKc6mg13HmHnln7wY3lzQI5nol6gxXv1k724Yx7TlmtFTLDBikWTWM/+G9EWw+LbYp+GxwlVLWQBIaJkwyjWJt5ZW7mXIeAE9zZOE+S3I0sGkTeGvtf9cZGiI1SpP+6W5XKhF109bzLnzaNubN0PuZkOS1ypMH8JKeT1bgDMrFg2YJgJqRc2r8+fhls1aVj52q1/5Sx6ijbe60DVceHp5wmpWvS1CREEiGdywmeGL9eIJbHZEKF6XJCCAjbF+WkWybalJdfVpYZXZMp+4pzBHMOU9HCDe+LVK7hAzNKRE2C5HzAHXdQ==, buyer_id=2088102178960684, version=1.0, notify_id=2020011700222150750060681000531008, notify_type=trade_status_sync, out_trade_no=20200117150746703395, total_amount=27.00, trade_status=WAIT_BUYER_PAY, trade_no=2020011722001460681000052610, auth_app_id=2016092900624822, buyer_logon_id=eao***@sandbox.com, app_id=2016092900624822, sign_type=RSA2, seller_id=2088102177823733}
2020-01-17 15:07:59 [http-nio-8087-exec-2] INFO  [com.yufan.controller.PayResultNotice] - --payResultNoticeAlipay---支付宝支付最终结果通知------：
2020-01-17 15:07:59 [http-nio-8087-exec-2] INFO  [com.yufan.controller.PayResultNotice] - -----gmt_payment--
2020-01-17 15:07:59 [http-nio-8087-exec-2] INFO  [com.yufan.controller.PayResultNotice] - --payResultNoticeAlipay-params:{gmt_create=2020-01-17 15:07:50, charset=UTF-8, seller_email=ixidia3276@sandbox.com, subject=绿萝盆栽室内净化空气吸除甲醛花卉吊兰办公室绿植物水培长藤绿箩;【6期免息】【礼盒上市】Huawei/华为nova 5 Pro超级夜景4800万AI四摄超级快充超广角智能手机nova5pro, sign=PWcqxw6qujgXPgD8wG+dTFrnnKZlr4slWWt565ds2+EH2jp5hs0bRH89kmQohm4ThbbbuCegkmI44XAQyfe/dOKJ4A0qa1QmyYMhcM+DmsuoBU00Bwk+3IoiQbL5iGiDPlax4z/rp3jTpLEnywbXAQXVl2qFnRPUC/+L7632gaMMwlRt5IzyULAFcQhjOfQSIZjTKaOVi4zD0/zk2Sdg8/n3v8a0X894DTGhq49+GYlAsyytFuj+uBo7xTOM8IhieL97thnsBNB50exX9taS8FZUsX6x9eRPrQVITa2+36S61QuHiYxP8aTMri/YyMJ1jayELw4iRKU4ZLfZIEAghg==, buyer_id=2088102178960684, invoice_amount=27.00, notify_id=2020011700222150752060681000531009, fund_bill_list=[{"amount":"27.00","fundChannel":"ALIPAYACCOUNT"}], notify_type=trade_status_sync, trade_status=TRADE_SUCCESS, receipt_amount=27.00, buyer_pay_amount=27.00, app_id=2016092900624822, sign_type=RSA2, seller_id=2088102177823733, gmt_payment=2020-01-17 15:07:51, notify_time=2020-01-17 15:07:52, version=1.0, out_trade_no=20200117150746703395, total_amount=27.00, trade_no=2020011722001460681000052610, auth_app_id=2016092900624822, buyer_logon_id=eao***@sandbox.com, point_amount=0.00}
2020-01-17 15:07:59 [http-nio-8087-exec-2] INFO  [com.yufan.controller.PayResultNotice] - -doTradeRecord--alipay--更新交易最终结果2-----
2020-01-17 15:08:00 [http-nio-8087-exec-2] INFO  [com.yufan.utils.VerifySign] - ---------json:{"order_no":"20200117115652666776","pay_code":"2020011722001460681000052610","pay_way":2,"pay_time":"2020-01-17 15:07:51"}
2020-01-17 15:08:00 [http-nio-8087-exec-2] INFO  [com.yufan.utils.VerifySign] - ---------secretKey:pay-center-test
2020-01-17 15:08:00 [http-nio-8087-exec-2] INFO  [com.yufan.utils.RequestMethod] - ----请求地址：http://127.0.0.1:8082/store-info/service
2020-01-17 15:08:00 [http-nio-8087-exec-2] INFO  [com.yufan.utils.RequestMethod] - ----请求参数：{"data":{"order_no":"20200117115652666776","pay_code":"2020011722001460681000052610","pay_way":2,"pay_time":"2020-01-17 15:07:51"},"sign":"9163d75f291457b5ec8b869991829da6","req_type":"pay_notice","sid":"pay-center","timestamp":"1579244880"}
2020-01-17 15:08:02 [http-nio-8087-exec-6] INFO  [com.yufan.controller.PayController] - ------支付宝同步通知页面地址---------
2020-01-17 15:08:02 [http-nio-8087-exec-6] INFO  [com.yufan.controller.PayController] - -----alipayReturnPage:{charset=UTF-8, out_trade_no=20200117150746703395, method=alipay.trade.wap.pay.return, total_amount=27.00, trade_no=2020011722001460681000052610, auth_app_id=2016092900624822, version=1.0, app_id=2016092900624822, seller_id=2088102177823733, timestamp=2020-01-17 15:07:53}
2020-01-17 15:08:05 [http-nio-8087-exec-6] INFO  [com.yufan.controller.TestController] - --ajaxPayResultTest-2
2020-01-17 15:08:35 [restartedMain] INFO  [com.yufan.cache.InitCache] - -----clients:1
2020-01-17 15:08:35 [restartedMain] INFO  [com.yufan.cache.InitCache] - -----clientConfigs:1
2020-01-17 15:09:00 [http-nio-8087-exec-1] INFO  [com.yufan.utils.VerifySign] - ---------json:{"order_no":"20200117115652666776","business_code":"order_pay","pay_way":2,"record_type":4}
2020-01-17 15:09:00 [http-nio-8087-exec-1] INFO  [com.yufan.utils.VerifySign] - ---------secretKey:dsfsdfsd
2020-01-17 15:09:00 [http-nio-8087-exec-1] INFO  [com.yufan.controller.TestController] - ----请求支付参数-----{"order_no":"20200117115652666776","sign":"937b3a0bf674ddf9ba937b35187a4442","business_code":"order_pay","pay_way":2,"record_type":4,"sid":"h5-web","timestamp":"1579244939"}
2020-01-17 15:09:00 [http-nio-8087-exec-5] INFO  [com.yufan.controller.PayController] - ----payEnter-------->base64Str:eyJvcmRlcl9ubyI6IjIwMjAwMTE3MTE1NjUyNjY2Nzc2Iiwic2lnbiI6IjkzN2IzYTBiZjY3NGRkZjliYTkzN2IzNTE4N2E0NDQyIiwiYnVzaW5lc3NfY29kZSI6Im9yZGVyX3BheSIsInBheV93YXkiOjIsInJlY29yZF90eXBlIjo0LCJzaWQiOiJoNS13ZWIiLCJ0aW1lc3RhbXAiOiIxNTc5MjQ0OTM5In0=
2020-01-17 15:09:00 [http-nio-8087-exec-5] INFO  [com.yufan.controller.PayController] - ---payEnter--------->base64Str明文:{"order_no":"20200117115652666776","sign":"937b3a0bf674ddf9ba937b35187a4442","business_code":"order_pay","pay_way":2,"record_type":4,"sid":"h5-web","timestamp":"1579244939"}
2020-01-17 15:09:00 [http-nio-8087-exec-5] INFO  [com.yufan.utils.VerifySign] - ---------json:{"order_no":"20200117115652666776","business_code":"order_pay","pay_way":2,"record_type":4}
2020-01-17 15:09:00 [http-nio-8087-exec-5] INFO  [com.yufan.utils.VerifySign] - ---------secretKey:dsfsdfsd
2020-01-17 15:09:00 [http-nio-8087-exec-5] INFO  [com.yufan.utils.VerifySign] - ---------clientSign:937b3a0bf674ddf9ba937b35187a4442
2020-01-17 15:09:00 [http-nio-8087-exec-5] INFO  [com.yufan.controller.PayController] - ---payEnter------orderNo:20200117115652666776
2020-01-17 15:09:00 [http-nio-8087-exec-5] INFO  [com.yufan.controller.PayController] - --payEnter-------goodsName:绿萝盆栽室内净化空气吸除甲醛花卉吊兰办公室绿植物水培长藤绿箩;【6期免息】【礼盒上市】Huawei/华为nova 5 Pro超级夜景4800万AI四摄超级快充超广角智能手机nova5pro
2020-01-17 15:09:00 [http-nio-8087-exec-5] INFO  [com.yufan.controller.PayController] - ---payEnter------orderPrice:27.00
2020-01-17 15:09:00 [http-nio-8087-exec-5] INFO  [com.yufan.controller.PayController] - ----payEnter-----partnerTradeNo:20200117150900189847
2020-01-17 15:09:00 [http-nio-8087-exec-5] INFO  [com.yufan.controller.PayController] - -----调用支付宝支付接口-----
2020-01-17 15:09:00 [http-nio-8087-exec-5] INFO  [com.yufan.utils.pay.alipay.AlipayUtils] - -----调用支付宝支付接口参数-----param:{"goods_name":"绿萝盆栽室内净化空气吸除甲醛花卉吊兰办公室绿植物水培长藤绿箩;【6期免息】【礼盒上市】Huawei/华为nova 5 Pro超级夜景4800万AI四摄超级快充超广角智能手机nova5pro","quit_url":"http://lirf-shop.51vip.biz/pay-center/pay/interruptDefault","partner_trade_no":"20200117150900189847","order_price":27.00}
2020-01-17 15:09:00 [http-nio-8087-exec-5] INFO  [com.yufan.utils.pay.alipay.AlipayUtils] - ------调用成功--------response:{"body":"<form name=\"punchout_form\" method=\"post\" action=\"https://openapi.alipaydev.com/gateway.do?charset=UTF-8&method=alipay.trade.wap.pay&sign=anztx4B2RQJYkfk4BE2M7IVUaG3nEmpmkMQyM7ypcovCdap46Y4AImS13%2BAfeEFrhwB02EPeqs8M6oU57quUKwSkkXVLodnvgt1y3gf84FJYSXAOs48XpTxwNdZcAvjEeLN2yVPDjq%2Fwn0e%2B7laf6d%2BoNXZkz%2FQDqjvWtELWqWYL1IqJWsgaw2uREr61nrGIEXw1746aLQSnzAhxm5oyPFpbpjKiT4TfEg4omhl12fzlzBQLikWcyiM%2F55Gl%2BocUqHmzbjJYarj%2FzPxM01JYl3kSzcxSxYcKGRpRFqVBEJ%2Br9%2BO65GjsZiVdUlJQEgabdt4ou%2FG0R1JhqG3qBOqXGA%3D%3D&return_url=http%3A%2F%2Flirf-shop.51vip.biz%2Fpay-center%2Fpay%2FalipayReturnPage&notify_url=http%3A%2F%2Flirf-shop.51vip.biz%2Fpay-center%2Fnotice%2Falipay&version=1.0&app_id=2016092900624822&sign_type=RSA2&timestamp=2020-01-17+15%3A09%3A00&alipay_sdk=alipay-sdk-java-dynamicVersionNo&format=json\">\n<input type=\"hidden\" name=\"biz_content\" value=\"{&quot;out_trade_no&quot;:&quot;20200117150900189847&quot;,&quot;total_amount&quot;:&quot;27.00&quot;,&quot;quit_url&quot;:&quot;http://lirf-shop.51vip.biz/pay-center/pay/interruptDefault&quot;,&quot;subject&quot;:&quot;绿萝盆栽室内净化空气吸除甲醛花卉吊兰办公室绿植物水培长藤绿箩;【6期免息】【礼盒上市】Huawei/华为nova 5 Pro超级夜景4800万AI四摄超级快充超广角智能手机nova5pro&quot;,&quot;product_code&quot;:&quot;QUICK_WAP_WAY&quot;}\">\n<input type=\"submit\" value=\"立即支付\" style=\"display:none\" >\n</form>\n<script>document.forms[0].submit();</script>","success":true}
2020-01-17 15:09:00 [http-nio-8087-exec-5] INFO  [com.yufan.controller.PayController] - --------{"msg":"","code":1,"body":"<form name=\"punchout_form\" method=\"post\" action=\"https://openapi.alipaydev.com/gateway.do?charset=UTF-8&method=alipay.trade.wap.pay&sign=anztx4B2RQJYkfk4BE2M7IVUaG3nEmpmkMQyM7ypcovCdap46Y4AImS13%2BAfeEFrhwB02EPeqs8M6oU57quUKwSkkXVLodnvgt1y3gf84FJYSXAOs48XpTxwNdZcAvjEeLN2yVPDjq%2Fwn0e%2B7laf6d%2BoNXZkz%2FQDqjvWtELWqWYL1IqJWsgaw2uREr61nrGIEXw1746aLQSnzAhxm5oyPFpbpjKiT4TfEg4omhl12fzlzBQLikWcyiM%2F55Gl%2BocUqHmzbjJYarj%2FzPxM01JYl3kSzcxSxYcKGRpRFqVBEJ%2Br9%2BO65GjsZiVdUlJQEgabdt4ou%2FG0R1JhqG3qBOqXGA%3D%3D&return_url=http%3A%2F%2Flirf-shop.51vip.biz%2Fpay-center%2Fpay%2FalipayReturnPage&notify_url=http%3A%2F%2Flirf-shop.51vip.biz%2Fpay-center%2Fnotice%2Falipay&version=1.0&app_id=2016092900624822&sign_type=RSA2&timestamp=2020-01-17+15%3A09%3A00&alipay_sdk=alipay-sdk-java-dynamicVersionNo&format=json\">\n<input type=\"hidden\" name=\"biz_content\" value=\"{&quot;out_trade_no&quot;:&quot;20200117150900189847&quot;,&quot;total_amount&quot;:&quot;27.00&quot;,&quot;quit_url&quot;:&quot;http://lirf-shop.51vip.biz/pay-center/pay/interruptDefault&quot;,&quot;subject&quot;:&quot;绿萝盆栽室内净化空气吸除甲醛花卉吊兰办公室绿植物水培长藤绿箩;【6期免息】【礼盒上市】Huawei/华为nova 5 Pro超级夜景4800万AI四摄超级快充超广角智能手机nova5pro&quot;,&quot;product_code&quot;:&quot;QUICK_WAP_WAY&quot;}\">\n<input type=\"submit\" value=\"立即支付\" style=\"display:none\" >\n</form>\n<script>document.forms[0].submit();</script>"}
2020-01-17 15:09:12 [http-nio-8087-exec-3] INFO  [com.yufan.controller.PayResultNotice] - --payResultNoticeAlipay---支付宝支付最终结果通知------：
2020-01-17 15:09:12 [http-nio-8087-exec-3] INFO  [com.yufan.controller.PayResultNotice] - --payResultNoticeAlipay-params:{gmt_create=2020-01-17 15:09:04, charset=UTF-8, seller_email=ixidia3276@sandbox.com, notify_time=2020-01-17 15:09:05, subject=绿萝盆栽室内净化空气吸除甲醛花卉吊兰办公室绿植物水培长藤绿箩;【6期免息】【礼盒上市】Huawei/华为nova 5 Pro超级夜景4800万AI四摄超级快充超广角智能手机nova5pro, sign=hdgyoWDk8MAuU5hkr3qMy0LZE8GtgvKYLpMQxT1UrHPbA8J0yr9oTfVUCHIadJXSzDd8XjGfmV/Rxr55tEYRUekMbIaGM/+hReBvtIhquX8OyoqUIeCLpWY0XIOEtYW/P8oCRHKK5aZQgEZyO/uzCwdn6pY2R3gn0Iuu8AjIQzy2OwaZfMKlkU6+guixaN1D/p4cOKtcMaTaeN5nwit6m8UyTPfCveXWr7SXCaJ5cl4lJjdV5h4G2k1Mev7wTYQ52e9Eu9fgzgYTQwa95Eqzx00CJP2p5JggUkg6loOyVEodHv6gn9n3Ov2p1fLII3vTU/+8Tm+lKUH0b/jAbo5ciQ==, buyer_id=2088102178960684, version=1.0, notify_id=2020011700222150905060681000534589, notify_type=trade_status_sync, out_trade_no=20200117150900189847, total_amount=27.00, trade_status=WAIT_BUYER_PAY, trade_no=2020011722001460681000050692, auth_app_id=2016092900624822, buyer_logon_id=eao***@sandbox.com, app_id=2016092900624822, sign_type=RSA2, seller_id=2088102177823733}
2020-01-17 15:09:14 [http-nio-8087-exec-4] INFO  [com.yufan.controller.PayResultNotice] - --payResultNoticeAlipay---支付宝支付最终结果通知------：
2020-01-17 15:09:14 [http-nio-8087-exec-4] INFO  [com.yufan.controller.PayResultNotice] - -----gmt_payment--
2020-01-17 15:09:14 [http-nio-8087-exec-4] INFO  [com.yufan.controller.PayResultNotice] - --payResultNoticeAlipay-params:{gmt_create=2020-01-17 15:09:04, charset=UTF-8, seller_email=ixidia3276@sandbox.com, subject=绿萝盆栽室内净化空气吸除甲醛花卉吊兰办公室绿植物水培长藤绿箩;【6期免息】【礼盒上市】Huawei/华为nova 5 Pro超级夜景4800万AI四摄超级快充超广角智能手机nova5pro, sign=eMbWL2y+QepIRVDsNyLAq/HrSB78kCDg9Y67luyETNEKVpcn4snneR+yWuekS22J8VV1b/efjCcS0zw0fxfrNSL+n//HsBj5W2AyeZdQ3ptqrsNB1ltjEOAuFttC31WFpdRCalQjJRp72bfq9aCEh+boVe1s0jbhvh2W4C5oKctYq6ImqSpd1OtSRJIPnfNLESVXNZUuZv7huKuFKXKOqjRl7KPtpANTv8BaW/6yoZ1wtUHRqZu9OeYo6RT4PkPeBvbEsUP6jpeOcGd+8EgIh7t9Z3RfFf9WoWfivBa7RD7+q5VMuIjDYKUTt6cTc5vLvOPqnr8dujaHT7QNiiC2eA==, buyer_id=2088102178960684, invoice_amount=27.00, notify_id=2020011700222150906060681000535672, fund_bill_list=[{"amount":"27.00","fundChannel":"ALIPAYACCOUNT"}], notify_type=trade_status_sync, trade_status=TRADE_SUCCESS, receipt_amount=27.00, buyer_pay_amount=27.00, app_id=2016092900624822, sign_type=RSA2, seller_id=2088102177823733, gmt_payment=2020-01-17 15:09:06, notify_time=2020-01-17 15:09:07, version=1.0, out_trade_no=20200117150900189847, total_amount=27.00, trade_no=2020011722001460681000050692, auth_app_id=2016092900624822, buyer_logon_id=eao***@sandbox.com, point_amount=0.00}
2020-01-17 15:09:14 [http-nio-8087-exec-4] INFO  [com.yufan.controller.PayResultNotice] - -doTradeRecord--alipay--更新交易最终结果2-----
2020-01-17 15:09:14 [http-nio-8087-exec-4] INFO  [com.yufan.utils.VerifySign] - ---------json:{"order_no":"20200117115652666776","pay_code":"2020011722001460681000050692","pay_way":2,"pay_time":"2020-01-17 15:09:06"}
2020-01-17 15:09:14 [http-nio-8087-exec-4] INFO  [com.yufan.utils.VerifySign] - ---------secretKey:pay-center-test
2020-01-17 15:09:14 [http-nio-8087-exec-4] INFO  [com.yufan.utils.RequestMethod] - ----请求地址：http://127.0.0.1:8082/store-info/service
2020-01-17 15:09:14 [http-nio-8087-exec-4] INFO  [com.yufan.utils.RequestMethod] - ----请求参数：{"data":{"order_no":"20200117115652666776","pay_code":"2020011722001460681000050692","pay_way":2,"pay_time":"2020-01-17 15:09:06"},"sign":"5fc1fb9af41faacb1746898b641c504b","req_type":"pay_notice","sid":"pay-center","timestamp":"1579244954"}
2020-01-17 15:09:16 [http-nio-8087-exec-6] INFO  [com.yufan.controller.PayController] - ------支付宝同步通知页面地址---------
2020-01-17 15:09:16 [http-nio-8087-exec-6] INFO  [com.yufan.controller.PayController] - -----alipayReturnPage:{charset=UTF-8, out_trade_no=20200117150900189847, method=alipay.trade.wap.pay.return, total_amount=27.00, trade_no=2020011722001460681000050692, auth_app_id=2016092900624822, version=1.0, app_id=2016092900624822, seller_id=2088102177823733, timestamp=2020-01-17 15:09:08}
2020-01-17 15:09:20 [http-nio-8087-exec-6] INFO  [com.yufan.controller.PayController] - -------获取支付结果---------partnerTradeNo:20200117150900189847
